app/build/outputs/logs/manifest-merger-debug-report.txt
-- Merging decision tree log ---
manifest
ADDED from src\main\AndroidManifest.xml:2:1-30:12
	package
		ADDED from src\main\AndroidManifest.xml:2:11-46
		INJECTED from src\main\AndroidManifest.xml
		INJECTED from src\main\AndroidManifest.xml
	android:versionName
		INJECTED from src\main\AndroidManifest.xml
		INJECTED from src\main\AndroidManifest.xml
	xmlns:android
		ADDED from src\main\AndroidManifest.xml:3:11-69
	android:versionCode
		INJECTED from src\main\AndroidManifest.xml
		INJECTED from src\main\AndroidManifest.xml
uses-permission#android.permission.CAMERA
ADDED from src\main\AndroidManifest.xml:5:5-65
MERGED from [:lib-irglass-release:] AndroidManifest.xml:9:5-65
MERGED from [:streamlibrary-release:] AndroidManifest.xml:19:5-65
	android:name
		ADDED from src\main\AndroidManifest.xml:5:22-62
uses-feature#com.android.hardware.camera2.full
ADDED from src\main\AndroidManifest.xml:6:5-69
MERGED from [:streamlibrary-release:] AndroidManifest.xml:15:5-70
	android:name
		ADDED from src\main\AndroidManifest.xml:6:19-67
uses-feature#android.hardware.camera
ADDED from src\main\AndroidManifest.xml:7:5-60
MERGED from [:lib-irglass-release:] AndroidManifest.xml:15:5-60
MERGED from [:streamlibrary-release:] AndroidManifest.xml:13:5-60
	android:name
		ADDED from src\main\AndroidManifest.xml:7:19-57
uses-feature#android.hardware.camera.autofocus
ADDED from src\main\AndroidManifest.xml:8:5-69
MERGED from [:lib-irglass-release:] AndroidManifest.xml:16:5-70
MERGED from [:streamlibrary-release:] AndroidManifest.xml:14:5-70
	android:name
		ADDED from src\main\AndroidManifest.xml:8:19-67
uses-permission#android.permission.READ_EXTERNAL_STORAGE
ADDED from src\main\AndroidManifest.xml:9:5-80
MERGED from [:lib-irglass-release:] AndroidManifest.xml:11:5-80
	android:name
		ADDED from src\main\AndroidManifest.xml:9:22-77
uses-permission#android.permission.WRITE_EXTERNAL_STORAGE
ADDED from src\main\AndroidManifest.xml:10:5-81
MERGED from [:lib-irglass-release:] AndroidManifest.xml:10:5-81
MERGED from [:streamlibrary-release:] AndroidManifest.xml:18:5-81
	android:name
		ADDED from src\main\AndroidManifest.xml:10:22-78
uses-permission#android.permission.MOUNT_FORMAT_FILESYSTEMS
ADDED from src\main\AndroidManifest.xml:11:5-83
	android:name
		ADDED from src\main\AndroidManifest.xml:11:22-80
uses-permission#android.permission.MOUNT_UNMOUNT_FILESYSTEMS
ADDED from src\main\AndroidManifest.xml:12:5-84
	android:name
		ADDED from src\main\AndroidManifest.xml:12:22-81
application
ADDED from src\main\AndroidManifest.xml:14:5-28:19
MERGED from [MarkerPositioning:videotracking:unspecified] AndroidManifest.xml:9:5-13:19
MERGED from [com.android.support:appcompat-v7:23.4.0] AndroidManifest.xml:25:5-20
MERGED from [com.android.support:animated-vector-drawable:23.4.0] AndroidManifest.xml:7:5-20
MERGED from [com.android.support:support-vector-drawable:23.4.0] AndroidManifest.xml:7:5-20
MERGED from [com.android.support:support-v4:23.4.0] AndroidManifest.xml:22:5-20
MERGED from [:lib-irglass-release:] AndroidManifest.xml:19:5-23:19
MERGED from [:streamlibrary-release:] AndroidManifest.xml:25:5-29:19
MERGED from [MarkerPositioning:drawer:unspecified] AndroidManifest.xml:11:5-15:19
	android:label
		ADDED from src\main\AndroidManifest.xml:17:9-41
	android:supportsRtl
		ADDED from src\main\AndroidManifest.xml:18:9-35
	android:allowBackup
		ADDED from src\main\AndroidManifest.xml:15:9-35
	android:icon
		ADDED from src\main\AndroidManifest.xml:16:9-43
	android:theme
		ADDED from src\main\AndroidManifest.xml:19:9-40
activity#org.iii.snsi.trackingtest.MainActivity
ADDED from src\main\AndroidManifest.xml:20:9-27:20
	android:screenOrientation
		ADDED from src\main\AndroidManifest.xml:21:19-56
	android:name
		ADDED from src\main\AndroidManifest.xml:20:19-47
intent-filter#android.intent.action.MAIN+android.intent.category.LAUNCHER
ADDED from src\main\AndroidManifest.xml:22:13-26:29
action#android.intent.action.MAIN
ADDED from src\main\AndroidManifest.xml:23:17-68
	android:name
		ADDED from src\main\AndroidManifest.xml:23:25-66
category#android.intent.category.LAUNCHER
ADDED from src\main\AndroidManifest.xml:25:17-76
	android:name
		ADDED from src\main\AndroidManifest.xml:25:27-74
uses-sdk
INJECTED from src\main\AndroidManifest.xml reason: use-sdk injection requested
MERGED from [MarkerPositioning:videotracking:unspecified] AndroidManifest.xml:5:5-7:41
MERGED from [com.android.support:appcompat-v7:23.4.0] AndroidManifest.xml:21:5-23:78
MERGED from [com.android.support:animated-vector-drawable:23.4.0] AndroidManifest.xml:5:5-44
MERGED from [com.android.support:support-vector-drawable:23.4.0] AndroidManifest.xml:5:5-43
MERGED from [com.android.support:support-v4:23.4.0] AndroidManifest.xml:20:5-43
MERGED from [:lib-opencv-3.2.0-release:] AndroidManifest.xml:7:5-9:41
MERGED from [:lib-irglass-release:] AndroidManifest.xml:5:5-7:41
MERGED from [:streamlibrary-release:] AndroidManifest.xml:7:5-9:41
MERGED from [MarkerPositioning:drawer:unspecified] AndroidManifest.xml:7:5-9:41
	tools:overrideLibrary
		ADDED from [com.android.support:appcompat-v7:23.4.0] AndroidManifest.xml:23:9-75
	android:targetSdkVersion
		INJECTED from src\main\AndroidManifest.xml
		INJECTED from src\main\AndroidManifest.xml
	android:minSdkVersion
		INJECTED from src\main\AndroidManifest.xml
		INJECTED from src\main\AndroidManifest.xml
uses-permission#android.permission.INTERNET
ADDED from [:lib-irglass-release:] AndroidManifest.xml:12:5-67
MERGED from [:streamlibrary-release:] AndroidManifest.xml:17:5-67
	android:name
		ADDED from [:lib-irglass-release:] AndroidManifest.xml:12:22-64
uses-feature#android.hardware.camera.raw
ADDED from [:lib-irglass-release:] AndroidManifest.xml:17:5-64
	android:name
		ADDED from [:lib-irglass-release:] AndroidManifest.xml:17:19-61
uses-feature#0x00020000
ADDED from [:streamlibrary-release:] AndroidManifest.xml:11:5-12:20
	android:glEsVersion
		ADDED from [:streamlibrary-release:] AndroidManifest.xml:11:19-51
uses-permission#android.permission.RECORD_AUDIO
ADDED from [:streamlibrary-release:] AndroidManifest.xml:20:5-71
	android:name
		ADDED from [:streamlibrary-release:] AndroidManifest.xml:20:22-68
uses-permission#android.permission.ACCESS_NETWORK_STATE
ADDED from [:streamlibrary-release:] AndroidManifest.xml:21:5-79
	android:name
		ADDED from [:streamlibrary-release:] AndroidManifest.xml:21:22-76
uses-permission#android.permission.ACCESS_WIFI_STATE
ADDED from [:streamlibrary-release:] AndroidManifest.xml:22:5-76
	android:name
		ADDED from [:streamlibrary-release:] AndroidManifest.xml:22:22-73
uses-permission#android.permission.MODIFY_AUDIO_SETTINGS
ADDED from [:streamlibrary-release:] AndroidManifest.xml:23:5-80
	android:name
		ADDED from [:streamlibrary-release:] AndroidManifest.xml:23:22-77